#
# There is insufficient memory for the Java Runtime Environment to continue.
# Native memory allocation (mmap) failed to map 266338304 bytes for G1 virtual space
# Possible reasons:
#   The system is out of physical RAM or swap space
#   The process is running with CompressedOops enabled, and the Java Heap may be blocking the growth of the native heap
# Possible solutions:
#   Reduce memory load on the system
#   Increase physical memory or swap space
#   Check if swap backing store is full
#   Decrease Java heap size (-Xmx/-Xms)
#   Decrease number of Java threads
#   Decrease Java thread stack sizes (-Xss)
#   Set larger code cache with -XX:ReservedCodeCacheSize=
#   JVM is running with Zero Based Compressed Oops mode in which the Java heap is
#     placed in the first 32GB address space. The Java Heap base address is the
#     maximum limit for the native heap growth. Please use -XX:HeapBaseMinAddress
#     to set the Java Heap base and to place the Java Heap above 32GB virtual address.
# This output file may be truncated or incomplete.
#
#  Out of Memory Error (os_windows.cpp:3528), pid=320, tid=27504
#
# JRE version:  (20.0+36) (build )
# Java VM: Java HotSpot(TM) 64-Bit Server VM (20+36-2344, mixed mode, sharing, tiered, compressed oops, compressed class ptrs, g1 gc, windows-amd64)
# No core dump will be written. Minidumps are not enabled by default on client versions of Windows
#

---------------  S U M M A R Y ------------

Command Line: -Dfile.encoding=UTF-8 --module-path=C:\Users\nemao\NetBeansProjects\Travel and Tourism Management System\build\classes travel.and.tourism.management.system.AddCustomer

Host: 11th Gen Intel(R) Core(TM) i5-1155G7 @ 2.50GHz, 8 cores, 15G,  Windows 11 , 64 bit Build 22621 (10.0.22621.3672)
Time: Fri Jul 12 15:34:36 2024 India Standard Time elapsed time: 0.011344 seconds (0d 0h 0m 0s)

---------------  T H R E A D  ---------------

Current thread (0x000001fc4c55d120):  JavaThread "Unknown thread" [_thread_in_vm, id=27504, stack(0x0000003530500000,0x0000003530600000)]

Stack: [0x0000003530500000,0x0000003530600000]
Native frames: (J=compiled Java code, j=interpreted, Vv=VM code, C=native code)
V  [jvm.dll+0x6bb95a]
V  [jvm.dll+0x8483aa]
V  [jvm.dll+0x849fa5]
V  [jvm.dll+0x84a6a3]
V  [jvm.dll+0x280b0f]
V  [jvm.dll+0x6b86e9]
V  [jvm.dll+0x6ad2da]
V  [jvm.dll+0x35adf5]
V  [jvm.dll+0x363016]
V  [jvm.dll+0x3b3b3e]
V  [jvm.dll+0x3b3dc5]
V  [jvm.dll+0x32b50a]
V  [jvm.dll+0x32c32b]
V  [jvm.dll+0x81106f]
V  [jvm.dll+0x3c0d91]
V  [jvm.dll+0x7fcd93]
V  [jvm.dll+0x44c76f]
V  [jvm.dll+0x44e0e1]
C  [jli.dll+0x5287]
C  [ucrtbase.dll+0x29333]
C  [KERNEL32.DLL+0x1257d]
C  [ntdll.dll+0x5af28]


---------------  P R O C E S S  ---------------

Threads class SMR info:
_java_thread_list=0x00007ffa5cd8a098, length=0, elements={
}

Java Threads: ( => current thread )

Other Threads:
  0x000001fc4c5cffa0 WorkerThread "GC Thread#0" [stack: 0x0000003530600000,0x0000003530700000] [id=5464]
  0x000001fc4c5e0a00 ConcurrentGCThread "G1 Main Marker" [stack: 0x0000003530700000,0x0000003530800000] [id=14684]
  0x000001fc4c5e1330 WorkerThread "G1 Conc#0" [stack: 0x0000003530800000,0x0000003530900000] [id=300]

[error occurred during error reporting (printing all threads), id 0xc0000005, EXCEPTION_ACCESS_VIOLATION (0xc0000005) at pc=0x00007ffa5c56eb47]
VM state: not at safepoint (not fully initialized)

VM Mutex/Monitor currently owned by a thread:  ([mutex/lock_event])
[0x000001fc4c559820] Heap_lock - owner thread: 0x000001fc4c55d120

Heap address: 0x0000000703a00000, size: 4038 MB, Compressed Oops mode: Zero based, Oop shift amount: 3

CDS archive(s) mapped at: [0x0000000000000000-0x0000000000000000-0x0000000000000000), size 0, SharedBaseAddress: 0x0000000800000000, ArchiveRelocationMode: 0.
Narrow klass base: 0x0000000000000000, Narrow klass shift: 0, Narrow klass range: 0x0

GC Precious Log:
 CardTable entry size: 512
 Card Set container configuration: InlinePtr #cards 4 size 8 Array Of Cards #cards 16 size 48 Howl #buckets 8 coarsen threshold 3686 Howl Bitmap #cards 512 size 80 coarsen threshold 460 Card regions per heap region 1 cards per card region 4096

Heap:
 garbage-first heap   total 0K, used 0K [0x0000000703a00000, 0x0000000800000000)
  region size 2048K, 0 young (0K), 0 survivors (0K)

[error occurred during error reporting (printing heap information), id 0xc0000005, EXCEPTION_ACCESS_VIOLATION (0xc0000005) at pc=0x00007ffa5c943c59]
GC Heap History (0 events):
No events

Dll operation events (1 events):
Event: 0.006 Loaded shared library C:\Program Files\Java\jdk-20\bin\java.dll

Deoptimization events (0 events):
No events

Classes loaded (0 events):
No events

Classes unloaded (0 events):
No events

Classes redefined (0 events):
No events

Internal exceptions (0 events):
No events

VM Operations (0 events):
No events

Events (0 events):
No events


Dynamic libraries:
0x00007ff76b960000 - 0x00007ff76b970000 	C:\Program Files\Java\jdk-20\bin\java.exe
0x00007ffaee1b0000 - 0x00007ffaee3c7000 	C:\WINDOWS\SYSTEM32\ntdll.dll
0x00007ffaed6c0000 - 0x00007ffaed784000 	C:\WINDOWS\System32\KERNEL32.DLL
0x00007ffaeb6b0000 - 0x00007ffaeba5d000 	C:\WINDOWS\System32\KERNELBASE.dll
0x00007ffaeb560000 - 0x00007ffaeb671000 	C:\WINDOWS\System32\ucrtbase.dll
0x00007ffacc840000 - 0x00007ffacc85b000 	C:\Program Files\Java\jdk-20\bin\VCRUNTIME140.dll
0x00007ffad8780000 - 0x00007ffad8799000 	C:\Program Files\Java\jdk-20\bin\jli.dll
0x00007ffaede40000 - 0x00007ffaedef2000 	C:\WINDOWS\System32\ADVAPI32.dll
0x00007ffaec440000 - 0x00007ffaec4e7000 	C:\WINDOWS\System32\msvcrt.dll
0x00007ffaedc80000 - 0x00007ffaedd29000 	C:\WINDOWS\System32\sechost.dll
0x00007ffaeb680000 - 0x00007ffaeb6a8000 	C:\WINDOWS\System32\bcrypt.dll
0x00007ffaec500000 - 0x00007ffaec614000 	C:\WINDOWS\System32\RPCRT4.dll
0x00007ffaec0c0000 - 0x00007ffaec26e000 	C:\WINDOWS\System32\USER32.dll
0x00007ffac23d0000 - 0x00007ffac2663000 	C:\WINDOWS\WinSxS\amd64_microsoft.windows.common-controls_6595b64144ccf1df_6.0.22621.3672_none_2713b9d173822955\COMCTL32.dll
0x00007ffaebe20000 - 0x00007ffaebe46000 	C:\WINDOWS\System32\win32u.dll
0x00007ffaed690000 - 0x00007ffaed6b9000 	C:\WINDOWS\System32\GDI32.dll
0x00007ffaebad0000 - 0x00007ffaebbe9000 	C:\WINDOWS\System32\gdi32full.dll
0x00007ffaebe50000 - 0x00007ffaebeea000 	C:\WINDOWS\System32\msvcp_win.dll
0x00007ffae07c0000 - 0x00007ffae07ca000 	C:\WINDOWS\SYSTEM32\VERSION.dll
0x00007ffaedf10000 - 0x00007ffaedf41000 	C:\WINDOWS\System32\IMM32.DLL
0x00007ffad8670000 - 0x00007ffad867c000 	C:\Program Files\Java\jdk-20\bin\vcruntime140_1.dll
0x00007ffab5ac0000 - 0x00007ffab5b4e000 	C:\Program Files\Java\jdk-20\bin\msvcp140.dll
0x00007ffa5c230000 - 0x00007ffa5cec7000 	C:\Program Files\Java\jdk-20\bin\server\jvm.dll
0x00007ffaad7f0000 - 0x00007ffaad7f9000 	C:\WINDOWS\SYSTEM32\WSOCK32.dll
0x00007ffaebef0000 - 0x00007ffaebf61000 	C:\WINDOWS\System32\WS2_32.dll
0x00007ffae1880000 - 0x00007ffae18b4000 	C:\WINDOWS\SYSTEM32\WINMM.dll
0x00007ffaea4d0000 - 0x00007ffaea4e8000 	C:\WINDOWS\SYSTEM32\kernel.appcore.dll
0x00007ffaccc90000 - 0x00007ffaccc9a000 	C:\Program Files\Java\jdk-20\bin\jimage.dll
0x00007ffae8db0000 - 0x00007ffae8fe2000 	C:\WINDOWS\SYSTEM32\DBGHELP.DLL
0x00007ffaed8f0000 - 0x00007ffaedc78000 	C:\WINDOWS\System32\combase.dll
0x00007ffaecc50000 - 0x00007ffaecd27000 	C:\WINDOWS\System32\OLEAUT32.dll
0x00007ffade200000 - 0x00007ffade232000 	C:\WINDOWS\SYSTEM32\dbgcore.DLL
0x00007ffaeb4e0000 - 0x00007ffaeb55b000 	C:\WINDOWS\System32\bcryptPrimitives.dll
0x00007ffacbfb0000 - 0x00007ffacbfd6000 	C:\Program Files\Java\jdk-20\bin\java.dll

dbghelp: loaded successfully - version: 4.0.5 - missing functions: none
symbol engine: initialized successfully - sym options: 0x614 - pdb path: .;C:\Program Files\Java\jdk-20\bin;C:\WINDOWS\SYSTEM32;C:\WINDOWS\WinSxS\amd64_microsoft.windows.common-controls_6595b64144ccf1df_6.0.22621.3672_none_2713b9d173822955;C:\Program Files\Java\jdk-20\bin\server

VM Arguments:
jvm_args: -Dfile.encoding=UTF-8 --module-path=C:\Users\nemao\NetBeansProjects\Travel and Tourism Management System\build\classes 
java_command: travel.and.tourism.management.system.AddCustomer
java_class_path (initial): D:\JavaProject\mysql-connector-java-8.0.28.jar;C:\Users\nemao\NetBeansProjects\Travel and Tourism Management System\build\classes
Launcher Type: SUN_STANDARD

[Global flags]
     intx CICompilerCount                          = 4                                         {product} {ergonomic}
     uint ConcGCThreads                            = 2                                         {product} {ergonomic}
     uint G1ConcRefinementThreads                  = 8                                         {product} {ergonomic}
   size_t G1HeapRegionSize                         = 2097152                                   {product} {ergonomic}
    uintx GCDrainStackTargetSize                   = 64                                        {product} {ergonomic}
   size_t InitialHeapSize                          = 266338304                                 {product} {ergonomic}
   size_t MarkStackSize                            = 4194304                                   {product} {ergonomic}
   size_t MaxHeapSize                              = 4234149888                                {product} {ergonomic}
   size_t MinHeapDeltaBytes                        = 2097152                                   {product} {ergonomic}
   size_t MinHeapSize                              = 8388608                                   {product} {ergonomic}
    uintx NonNMethodCodeHeapSize                   = 5839372                                {pd product} {ergonomic}
    uintx NonProfiledCodeHeapSize                  = 122909434                              {pd product} {ergonomic}
    uintx ProfiledCodeHeapSize                     = 122909434                              {pd product} {ergonomic}
    uintx ReservedCodeCacheSize                    = 251658240                              {pd product} {ergonomic}
     bool SegmentedCodeCache                       = true                                      {product} {ergonomic}
   size_t SoftMaxHeapSize                          = 4234149888                             {manageable} {ergonomic}
     bool UseCompressedClassPointers               = true                           {product lp64_product} {ergonomic}
     bool UseCompressedOops                        = true                           {product lp64_product} {ergonomic}
     bool UseG1GC                                  = true                                      {product} {ergonomic}
     bool UseLargePagesIndividualAllocation        = false                                  {pd product} {ergonomic}

Logging:
Log output configuration:
 #0: stdout all=warning uptime,level,tags foldmultilines=false
 #1: stderr all=off uptime,level,tags foldmultilines=false

Environment Variables:
PATH=C:\Program Files\Common Files\Oracle\Java\javapath;C:\WINDOWS\system32;C:\WINDOWS;C:\WINDOWS\System32\Wbem;C:\WINDOWS\System32\WindowsPowerShell\v1.0\;C:\WINDOWS\System32\OpenSSH\;C:\MinGW\bin;C:\Program Files\Java\jdk-20\bin;C:\Program Files\Git\cmd;C:\Program Files\Git\mingw64\bin;C:\Program Files\Git\usr\bin;C:\Program Files\nodejs\;C:\Program Files\MySQL\MySQL Shell 8.0\bin\;C:\Users\nemao\AppData\Local\Programs\Python\Python312\Scripts\;C:\Users\nemao\AppData\Local\Programs\Python\Python312\;C:\Users\nemao\AppData\Local\Microsoft\WindowsApps;C:\Users\nemao\AppData\Local\Programs\Microsoft VS Code\bin;C:\Program Files\JetBrains\IntelliJ IDEA Community Edition 2023.3.2\bin;C:\Program Files\nodejs;;C:\Users\nemao\AppData\Roaming\npm;C:\Program Files\JetBrains\PyCharm Community Edition 2024.1.4\bin;
USERNAME=nemao
OS=Windows_NT
PROCESSOR_IDENTIFIER=Intel64 Family 6 Model 140 Stepping 2, GenuineIntel
TMP=C:\Users\nemao\AppData\Local\Temp
TEMP=C:\Users\nemao\AppData\Local\Temp




---------------  S Y S T E M  ---------------

OS:
 Windows 11 , 64 bit Build 22621 (10.0.22621.3672)
OS uptime: 10 days 14:28 hours
Hyper-V role detected

CPU: total 8 (initial active 8) (4 cores per cpu, 2 threads per core) family 6 model 140 stepping 2 microcode 0x34, cx8, cmov, fxsr, ht, mmx, 3dnowpref, sse, sse2, sse3, ssse3, sse4.1, sse4.2, popcnt, lzcnt, tsc, tscinvbit, avx, avx2, aes, erms, clmul, bmi1, bmi2, adx, avx512f, avx512dq, avx512cd, avx512bw, avx512vl, sha, fma, vzeroupper, avx512_vpopcntdq, avx512_vpclmulqdq, avx512_vaes, avx512_vnni, clflush, clflushopt, clwb, avx512_vbmi2, avx512_vbmi, hv, rdtscp, rdpid, fsrm, gfni, avx512_bitalg, f16c, cet_ibt, cet_ss, avx512_ifma

Memory: 4k page, system-wide physical 16151M (6381M free)
TotalPageFile size 42917M (AvailPageFile size 162M)
current process WorkingSet (physical memory assigned to process): 11M, peak: 11M
current process commit charge ("private bytes"): 60M, peak: 314M

vm_info: Java HotSpot(TM) 64-Bit Server VM (20+36-2344) for windows-amd64 JRE (20+36-2344), built on 2023-02-10T19:30:15Z by "mach5one" with MS VC++ 17.1 (VS2022)

END.
